current directory: /Users/i.masato/rails-tutorial/workspace/hello_app/ruby/2.4.0/gems/sqlite3-1.3.9/ext/sqlite3
/Users/i.masato/.rbenv/versions/2.4.7/bin/ruby -I /Users/i.masato/.rbenv/versions/2.4.7/lib/ruby/site_ruby/2.4.0 extconf.rb
checking for sqlite3.h... yes
checking for sqlite3_libversion_number() in -lsqlite3... yes
checking for rb_proc_arity()... yes
checking for rb_integer_pack()... yes
checking for sqlite3_initialize()... yes
checking for sqlite3_backup_init()... yes
checking for sqlite3_column_database_name()... yes
checking for sqlite3_enable_load_extension()... no
checking for sqlite3_load_extension()... no
checking for sqlite3_open_v2()... yes
checking for sqlite3_prepare_v2()... yes
checking for sqlite3_int64 in sqlite3.h... yes
checking for sqlite3_uint64 in sqlite3.h... yes
creating Makefile

current directory: /Users/i.masato/rails-tutorial/workspace/hello_app/ruby/2.4.0/gems/sqlite3-1.3.9/ext/sqlite3
make DESTDIR\= sitearchdir\=./.gem.20231117-41028-s4qwbb sitelibdir\=./.gem.20231117-41028-s4qwbb clean

current directory: /Users/i.masato/rails-tutorial/workspace/hello_app/ruby/2.4.0/gems/sqlite3-1.3.9/ext/sqlite3
make DESTDIR\= sitearchdir\=./.gem.20231117-41028-s4qwbb sitelibdir\=./.gem.20231117-41028-s4qwbb
compiling backup.c
compiling database.c
database.c:80:46: warning: '(' and '{' tokens introducing statement expression appear in different macro expansion contexts [-Wcompound-token-split-by-macro]
      if (Qtrue == rb_hash_aref(opts, ID2SYM(rb_intern("readonly")))) {
                                             ^~~~~~~~~~~~~~~~~~~~~
/Users/i.masato/.rbenv/versions/2.4.7/include/ruby-2.4.0/ruby/ruby.h:1753:23: note: expanded from macro 'rb_intern'
        __extension__ (RUBY_CONST_ID_CACHE((ID), (str))) : \
                      ^
/Users/i.masato/.rbenv/versions/2.4.7/include/ruby-2.4.0/ruby/ruby.h:383:29: note: expanded from macro 'ID2SYM'
#define ID2SYM(x) RB_ID2SYM(x)
                            ^
/Users/i.masato/.rbenv/versions/2.4.7/include/ruby-2.4.0/ruby/ruby.h:378:33: note: expanded from macro 'RB_ID2SYM'
#define RB_ID2SYM(x) (rb_id2sym(x))
                                ^
database.c:80:46: note: '{' token is here
      if (Qtrue == rb_hash_aref(opts, ID2SYM(rb_intern("readonly")))) {
                                             ^~~~~~~~~~~~~~~~~~~~~
/Users/i.masato/.rbenv/versions/2.4.7/include/ruby-2.4.0/ruby/ruby.h:1753:24: note: expanded from macro 'rb_intern'
        __extension__ (RUBY_CONST_ID_CACHE((ID), (str))) : \
                       ^~~~~~~~~~~~~~~~~~~~~~~~~~~~~~~~
/Users/i.masato/.rbenv/versions/2.4.7/include/ruby-2.4.0/ruby/ruby.h:1738:5: note: expanded from macro 'RUBY_CONST_ID_CACHE'
    {                                                   \
    ^
/Users/i.masato/.rbenv/versions/2.4.7/include/ruby-2.4.0/ruby/ruby.h:383:29: note: expanded from macro 'ID2SYM'
#define ID2SYM(x) RB_ID2SYM(x)
                            ^
/Users/i.masato/.rbenv/versions/2.4.7/include/ruby-2.4.0/ruby/ruby.h:378:33: note: expanded from macro 'RB_ID2SYM'
#define RB_ID2SYM(x) (rb_id2sym(x))
                                ^
database.c:80:46: warning: '}' and ')' tokens terminating statement expression appear in different macro expansion contexts [-Wcompound-token-split-by-macro]
      if (Qtrue == rb_hash_aref(opts, ID2SYM(rb_intern("readonly")))) {
                                             ^~~~~~~~~~~~~~~~~~~~~
/Users/i.masato/.rbenv/versions/2.4.7/include/ruby-2.4.0/ruby/ruby.h:1753:24: note: expanded from macro 'rb_intern'
        __extension__ (RUBY_CONST_ID_CACHE((ID), (str))) : \
                       ^~~~~~~~~~~~~~~~~~~~~~~~~~~~~~~~
/Users/i.masato/.rbenv/versions/2.4.7/include/ruby-2.4.0/ruby/ruby.h:1743:5: note: expanded from macro 'RUBY_CONST_ID_CACHE'
    }
    ^
/Users/i.masato/.rbenv/versions/2.4.7/include/ruby-2.4.0/ruby/ruby.h:383:29: note: expanded from macro 'ID2SYM'
#define ID2SYM(x) RB_ID2SYM(x)
                            ^
/Users/i.masato/.rbenv/versions/2.4.7/include/ruby-2.4.0/ruby/ruby.h:378:33: note: expanded from macro 'RB_ID2SYM'
#define RB_ID2SYM(x) (rb_id2sym(x))
                                ^
database.c:80:46: note: ')' token is here
      if (Qtrue == rb_hash_aref(opts, ID2SYM(rb_intern("readonly")))) {
                                             ^~~~~~~~~~~~~~~~~~~~~
/Users/i.masato/.rbenv/versions/2.4.7/include/ruby-2.4.0/ruby/ruby.h:1753:56: note: expanded from macro 'rb_intern'
        __extension__ (RUBY_CONST_ID_CACHE((ID), (str))) : \
                                                       ^
/Users/i.masato/.rbenv/versions/2.4.7/include/ruby-2.4.0/ruby/ruby.h:383:29: note: expanded from macro 'ID2SYM'
#define ID2SYM(x) RB_ID2SYM(x)
                            ^
/Users/i.masato/.rbenv/versions/2.4.7/include/ruby-2.4.0/ruby/ruby.h:378:33: note: expanded from macro 'RB_ID2SYM'
#define RB_ID2SYM(x) (rb_id2sym(x))
                                ^
database.c:124:22: warning: '(' and '{' tokens introducing statement expression appear in different macro expansion contexts [-Wcompound-token-split-by-macro]
    rb_funcall(self, rb_intern("close"), 0);
                     ^~~~~~~~~~~~~~~~~~
/Users/i.masato/.rbenv/versions/2.4.7/include/ruby-2.4.0/ruby/ruby.h:1753:23: note: expanded from macro 'rb_intern'
        __extension__ (RUBY_CONST_ID_CACHE((ID), (str))) : \
                      ^
database.c:124:22: note: '{' token is here
    rb_funcall(self, rb_intern("close"), 0);
                     ^~~~~~~~~~~~~~~~~~
/Users/i.masato/.rbenv/versions/2.4.7/include/ruby-2.4.0/ruby/ruby.h:1753:24: note: expanded from macro 'rb_intern'
        __extension__ (RUBY_CONST_ID_CACHE((ID), (str))) : \
                       ^~~~~~~~~~~~~~~~~~~~~~~~~~~~~~~~
/Users/i.masato/.rbenv/versions/2.4.7/include/ruby-2.4.0/ruby/ruby.h:1738:5: note: expanded from macro 'RUBY_CONST_ID_CACHE'
    {                                                   \
    ^
database.c:124:22: warning: '}' and ')' tokens terminating statement expression appear in different macro expansion contexts [-Wcompound-token-split-by-macro]
    rb_funcall(self, rb_intern("close"), 0);
                     ^~~~~~~~~~~~~~~~~~
/Users/i.masato/.rbenv/versions/2.4.7/include/ruby-2.4.0/ruby/ruby.h:1753:24: note: expanded from macro 'rb_intern'
        __extension__ (RUBY_CONST_ID_CACHE((ID), (str))) : \
                       ^~~~~~~~~~~~~~~~~~~~~~~~~~~~~~~~
/Users/i.masato/.rbenv/versions/2.4.7/include/ruby-2.4.0/ruby/ruby.h:1743:5: note: expanded from macro 'RUBY_CONST_ID_CACHE'
    }
    ^
database.c:124:22: note: ')' token is here
    rb_funcall(self, rb_intern("close"), 0);
                     ^~~~~~~~~~~~~~~~~~
/Users/i.masato/.rbenv/versions/2.4.7/include/ruby-2.4.0/ruby/ruby.h:1753:56: note: expanded from macro 'rb_intern'
        __extension__ (RUBY_CONST_ID_CACHE((ID), (str))) : \
                                                       ^
database.c:180:21: warning: '(' and '{' tokens introducing statement expression appear in different macro expansion contexts [-Wcompound-token-split-by-macro]
  rb_funcall(thing, rb_intern("call"), 1, rb_str_new2(sql));
                    ^~~~~~~~~~~~~~~~~
/Users/i.masato/.rbenv/versions/2.4.7/include/ruby-2.4.0/ruby/ruby.h:1753:23: note: expanded from macro 'rb_intern'
        __extension__ (RUBY_CONST_ID_CACHE((ID), (str))) : \
                      ^
database.c:180:21: note: '{' token is here
  rb_funcall(thing, rb_intern("call"), 1, rb_str_new2(sql));
                    ^~~~~~~~~~~~~~~~~
/Users/i.masato/.rbenv/versions/2.4.7/include/ruby-2.4.0/ruby/ruby.h:1753:24: note: expanded from macro 'rb_intern'
        __extension__ (RUBY_CONST_ID_CACHE((ID), (str))) : \
                       ^~~~~~~~~~~~~~~~~~~~~~~~~~~~~~~~
/Users/i.masato/.rbenv/versions/2.4.7/include/ruby-2.4.0/ruby/ruby.h:1738:5: note: expanded from macro 'RUBY_CONST_ID_CACHE'
    {                                                   \
    ^
database.c:180:21: warning: '}' and ')' tokens terminating statement expression appear in different macro expansion contexts [-Wcompound-token-split-by-macro]
  rb_funcall(thing, rb_intern("call"), 1, rb_str_new2(sql));
                    ^~~~~~~~~~~~~~~~~
/Users/i.masato/.rbenv/versions/2.4.7/include/ruby-2.4.0/ruby/ruby.h:1753:24: note: expanded from macro 'rb_intern'
        __extension__ (RUBY_CONST_ID_CACHE((ID), (str))) : \
                       ^~~~~~~~~~~~~~~~~~~~~~~~~~~~~~~~
/Users/i.masato/.rbenv/versions/2.4.7/include/ruby-2.4.0/ruby/ruby.h:1743:5: note: expanded from macro 'RUBY_CONST_ID_CACHE'
    }
    ^
database.c:180:21: note: ')' token is here
  rb_funcall(thing, rb_intern("call"), 1, rb_str_new2(sql));
                    ^~~~~~~~~~~~~~~~~
/Users/i.masato/.rbenv/versions/2.4.7/include/ruby-2.4.0/ruby/ruby.h:1753:56: note: expanded from macro 'rb_intern'
        __extension__ (RUBY_CONST_ID_CACHE((ID), (str))) : \
                                                       ^
database.c:205:3: warning: 'sqlite3_trace' is deprecated: first deprecated in macOS 10.12 [-Wdeprecated-declarations]
  sqlite3_trace(ctx->db, NIL_P(block) ? NULL : tracefunc, (void *)self);
  ^~~~~~~~~~~~~
  sqlite3_trace_v2
/Applications/Xcode.app/Contents/Developer/Platforms/MacOSX.platform/Developer/SDKs/MacOSX.sdk/usr/include/sqlite3.h:3223:36: note: 'sqlite3_trace' has been explicitly marked deprecated here
SQLITE_API SQLITE_DEPRECATED void *sqlite3_trace(
                                   ^
database.c:214:37: warning: '(' and '{' tokens introducing statement expression appear in different macro expansion contexts [-Wcompound-token-split-by-macro]
  VALUE result = rb_funcall(handle, rb_intern("call"), 1, INT2NUM((long)count));
                                    ^~~~~~~~~~~~~~~~~
/Users/i.masato/.rbenv/versions/2.4.7/include/ruby-2.4.0/ruby/ruby.h:1753:23: note: expanded from macro 'rb_intern'
        __extension__ (RUBY_CONST_ID_CACHE((ID), (str))) : \
                      ^
database.c:214:37: note: '{' token is here
  VALUE result = rb_funcall(handle, rb_intern("call"), 1, INT2NUM((long)count));
                                    ^~~~~~~~~~~~~~~~~
/Users/i.masato/.rbenv/versions/2.4.7/include/ruby-2.4.0/ruby/ruby.h:1753:24: note: expanded from macro 'rb_intern'
        __extension__ (RUBY_CONST_ID_CACHE((ID), (str))) : \
                       ^~~~~~~~~~~~~~~~~~~~~~~~~~~~~~~~
/Users/i.masato/.rbenv/versions/2.4.7/include/ruby-2.4.0/ruby/ruby.h:1738:5: note: expanded from macro 'RUBY_CONST_ID_CACHE'
    {                                                   \
    ^
database.c:214:37: warning: '}' and ')' tokens terminating statement expression appear in different macro expansion contexts [-Wcompound-token-split-by-macro]
  VALUE result = rb_funcall(handle, rb_intern("call"), 1, INT2NUM((long)count));
                                    ^~~~~~~~~~~~~~~~~
/Users/i.masato/.rbenv/versions/2.4.7/include/ruby-2.4.0/ruby/ruby.h:1753:24: note: expanded from macro 'rb_intern'
        __extension__ (RUBY_CONST_ID_CACHE((ID), (str))) : \
                       ^~~~~~~~~~~~~~~~~~~~~~~~~~~~~~~~
/Users/i.masato/.rbenv/versions/2.4.7/include/ruby-2.4.0/ruby/ruby.h:1743:5: note: expanded from macro 'RUBY_CONST_ID_CACHE'
    }
    ^
database.c:214:37: note: ')' token is here
  VALUE result = rb_funcall(handle, rb_intern("call"), 1, INT2NUM((long)count));
                                    ^~~~~~~~~~~~~~~~~
/Users/i.masato/.rbenv/versions/2.4.7/include/ruby-2.4.0/ruby/ruby.h:1753:56: note: expanded from macro 'rb_intern'
        __extension__ (RUBY_CONST_ID_CACHE((ID), (str))) : \
                                                       ^
database.c:355:34: warning: '(' and '{' tokens introducing statement expression appear in different macro expansion contexts [-Wcompound-token-split-by-macro]
  result = rb_funcall2(callable, rb_intern("call"), argc, params);
                                 ^~~~~~~~~~~~~~~~~
/Users/i.masato/.rbenv/versions/2.4.7/include/ruby-2.4.0/ruby/ruby.h:1753:23: note: expanded from macro 'rb_intern'
        __extension__ (RUBY_CONST_ID_CACHE((ID), (str))) : \
                      ^
database.c:355:34: note: '{' token is here
  result = rb_funcall2(callable, rb_intern("call"), argc, params);
                                 ^~~~~~~~~~~~~~~~~
/Users/i.masato/.rbenv/versions/2.4.7/include/ruby-2.4.0/ruby/ruby.h:1753:24: note: expanded from macro 'rb_intern'
        __extension__ (RUBY_CONST_ID_CACHE((ID), (str))) : \
                       ^~~~~~~~~~~~~~~~~~~~~~~~~~~~~~~~
/Users/i.masato/.rbenv/versions/2.4.7/include/ruby-2.4.0/ruby/ruby.h:1738:5: note: expanded from macro 'RUBY_CONST_ID_CACHE'
    {                                                   \
    ^
database.c:355:34: warning: '}' and ')' tokens terminating statement expression appear in different macro expansion contexts [-Wcompound-token-split-by-macro]
  result = rb_funcall2(callable, rb_intern("call"), argc, params);
                                 ^~~~~~~~~~~~~~~~~
/Users/i.masato/.rbenv/versions/2.4.7/include/ruby-2.4.0/ruby/ruby.h:1753:24: note: expanded from macro 'rb_intern'
        __extension__ (RUBY_CONST_ID_CACHE((ID), (str))) : \
                       ^~~~~~~~~~~~~~~~~~~~~~~~~~~~~~~~
/Users/i.masato/.rbenv/versions/2.4.7/include/ruby-2.4.0/ruby/ruby.h:1743:5: note: expanded from macro 'RUBY_CONST_ID_CACHE'
    }
    ^
database.c:355:34: note: ')' token is here
  result = rb_funcall2(callable, rb_intern("call"), argc, params);
                                 ^~~~~~~~~~~~~~~~~
/Users/i.masato/.rbenv/versions/2.4.7/include/ruby-2.4.0/ruby/ruby.h:1753:56: note: expanded from macro 'rb_intern'
        __extension__ (RUBY_CONST_ID_CACHE((ID), (str))) : \
                                                       ^
database.c:404:34: warning: '(' and '{' tokens introducing statement expression appear in different macro expansion contexts [-Wcompound-token-split-by-macro]
  VALUE method = rb_funcall(obj, rb_intern("method"), 1, ID2SYM(id));
                                 ^~~~~~~~~~~~~~~~~~~
/Users/i.masato/.rbenv/versions/2.4.7/include/ruby-2.4.0/ruby/ruby.h:1753:23: note: expanded from macro 'rb_intern'
        __extension__ (RUBY_CONST_ID_CACHE((ID), (str))) : \
                      ^
database.c:404:34: note: '{' token is here
  VALUE method = rb_funcall(obj, rb_intern("method"), 1, ID2SYM(id));
                                 ^~~~~~~~~~~~~~~~~~~
/Users/i.masato/.rbenv/versions/2.4.7/include/ruby-2.4.0/ruby/ruby.h:1753:24: note: expanded from macro 'rb_intern'
        __extension__ (RUBY_CONST_ID_CACHE((ID), (str))) : \
                       ^~~~~~~~~~~~~~~~~~~~~~~~~~~~~~~~
/Users/i.masato/.rbenv/versions/2.4.7/include/ruby-2.4.0/ruby/ruby.h:1738:5: note: expanded from macro 'RUBY_CONST_ID_CACHE'
    {                                                   \
    ^
database.c:404:34: warning: '}' and ')' tokens terminating statement expression appear in different macro expansion contexts [-Wcompound-token-split-by-macro]
  VALUE method = rb_funcall(obj, rb_intern("method"), 1, ID2SYM(id));
                                 ^~~~~~~~~~~~~~~~~~~
/Users/i.masato/.rbenv/versions/2.4.7/include/ruby-2.4.0/ruby/ruby.h:1753:24: note: expanded from macro 'rb_intern'
        __extension__ (RUBY_CONST_ID_CACHE((ID), (str))) : \
                       ^~~~~~~~~~~~~~~~~~~~~~~~~~~~~~~~
/Users/i.masato/.rbenv/versions/2.4.7/include/ruby-2.4.0/ruby/ruby.h:1743:5: note: expanded from macro 'RUBY_CONST_ID_CACHE'
    }
    ^
database.c:404:34: note: ')' token is here
  VALUE method = rb_funcall(obj, rb_intern("method"), 1, ID2SYM(id));
                                 ^~~~~~~~~~~~~~~~~~~
/Users/i.masato/.rbenv/versions/2.4.7/include/ruby-2.4.0/ruby/ruby.h:1753:56: note: expanded from macro 'rb_intern'
        __extension__ (RUBY_CONST_ID_CACHE((ID), (str))) : \
                                                       ^
database.c:405:37: warning: '(' and '{' tokens introducing statement expression appear in different macro expansion contexts [-Wcompound-token-split-by-macro]
  VALUE arity  = rb_funcall(method, rb_intern("arity"), 0);
                                    ^~~~~~~~~~~~~~~~~~
/Users/i.masato/.rbenv/versions/2.4.7/include/ruby-2.4.0/ruby/ruby.h:1753:23: note: expanded from macro 'rb_intern'
        __extension__ (RUBY_CONST_ID_CACHE((ID), (str))) : \
                      ^
database.c:405:37: note: '{' token is here
  VALUE arity  = rb_funcall(method, rb_intern("arity"), 0);
                                    ^~~~~~~~~~~~~~~~~~
/Users/i.masato/.rbenv/versions/2.4.7/include/ruby-2.4.0/ruby/ruby.h:1753:24: note: expanded from macro 'rb_intern'
        __extension__ (RUBY_CONST_ID_CACHE((ID), (str))) : \
                       ^~~~~~~~~~~~~~~~~~~~~~~~~~~~~~~~
/Users/i.masato/.rbenv/versions/2.4.7/include/ruby-2.4.0/ruby/ruby.h:1738:5: note: expanded from macro 'RUBY_CONST_ID_CACHE'
    {                                                   \
    ^
database.c:405:37: warning: '}' and ')' tokens terminating statement expression appear in different macro expansion contexts [-Wcompound-token-split-by-macro]
  VALUE arity  = rb_funcall(method, rb_intern("arity"), 0);
                                    ^~~~~~~~~~~~~~~~~~
/Users/i.masato/.rbenv/versions/2.4.7/include/ruby-2.4.0/ruby/ruby.h:1753:24: note: expanded from macro 'rb_intern'
        __extension__ (RUBY_CONST_ID_CACHE((ID), (str))) : \
                       ^~~~~~~~~~~~~~~~~~~~~~~~~~~~~~~~
/Users/i.masato/.rbenv/versions/2.4.7/include/ruby-2.4.0/ruby/ruby.h:1743:5: note: expanded from macro 'RUBY_CONST_ID_CACHE'
    }
    ^
database.c:405:37: note: ')' token is here
  VALUE arity  = rb_funcall(method, rb_intern("arity"), 0);
                                    ^~~~~~~~~~~~~~~~~~
/Users/i.masato/.rbenv/versions/2.4.7/include/ruby-2.4.0/ruby/ruby.h:1753:56: note: expanded from macro 'rb_intern'
        __extension__ (RUBY_CONST_ID_CACHE((ID), (str))) : \
                                                       ^
database.c:422:25: warning: '(' and '{' tokens introducing statement expression appear in different macro expansion contexts [-Wcompound-token-split-by-macro]
  rb_funcall2(callable, rb_intern("step"), argc, params);
                        ^~~~~~~~~~~~~~~~~
/Users/i.masato/.rbenv/versions/2.4.7/include/ruby-2.4.0/ruby/ruby.h:1753:23: note: expanded from macro 'rb_intern'
        __extension__ (RUBY_CONST_ID_CACHE((ID), (str))) : \
                      ^
database.c:422:25: note: '{' token is here
  rb_funcall2(callable, rb_intern("step"), argc, params);
                        ^~~~~~~~~~~~~~~~~
/Users/i.masato/.rbenv/versions/2.4.7/include/ruby-2.4.0/ruby/ruby.h:1753:24: note: expanded from macro 'rb_intern'
        __extension__ (RUBY_CONST_ID_CACHE((ID), (str))) : \
                       ^~~~~~~~~~~~~~~~~~~~~~~~~~~~~~~~
/Users/i.masato/.rbenv/versions/2.4.7/include/ruby-2.4.0/ruby/ruby.h:1738:5: note: expanded from macro 'RUBY_CONST_ID_CACHE'
    {                                                   \
    ^
database.c:422:25: warning: '}' and ')' tokens terminating statement expression appear in different macro expansion contexts [-Wcompound-token-split-by-macro]
  rb_funcall2(callable, rb_intern("step"), argc, params);
                        ^~~~~~~~~~~~~~~~~
/Users/i.masato/.rbenv/versions/2.4.7/include/ruby-2.4.0/ruby/ruby.h:1753:24: note: expanded from macro 'rb_intern'
        __extension__ (RUBY_CONST_ID_CACHE((ID), (str))) : \
                       ^~~~~~~~~~~~~~~~~~~~~~~~~~~~~~~~
/Users/i.masato/.rbenv/versions/2.4.7/include/ruby-2.4.0/ruby/ruby.h:1743:5: note: expanded from macro 'RUBY_CONST_ID_CACHE'
    }
    ^
database.c:422:25: note: ')' token is here
  rb_funcall2(callable, rb_intern("step"), argc, params);
                        ^~~~~~~~~~~~~~~~~
/Users/i.masato/.rbenv/versions/2.4.7/include/ruby-2.4.0/ruby/ruby.h:1753:56: note: expanded from macro 'rb_intern'
        __extension__ (RUBY_CONST_ID_CACHE((ID), (str))) : \
                                                       ^
database.c:429:39: warning: '(' and '{' tokens introducing statement expression appear in different macro expansion contexts [-Wcompound-token-split-by-macro]
  VALUE result = rb_funcall(callable, rb_intern("finalize"), 0);
                                      ^~~~~~~~~~~~~~~~~~~~~
/Users/i.masato/.rbenv/versions/2.4.7/include/ruby-2.4.0/ruby/ruby.h:1753:23: note: expanded from macro 'rb_intern'
        __extension__ (RUBY_CONST_ID_CACHE((ID), (str))) : \
                      ^
database.c:429:39: note: '{' token is here
  VALUE result = rb_funcall(callable, rb_intern("finalize"), 0);
                                      ^~~~~~~~~~~~~~~~~~~~~
/Users/i.masato/.rbenv/versions/2.4.7/include/ruby-2.4.0/ruby/ruby.h:1753:24: note: expanded from macro 'rb_intern'
        __extension__ (RUBY_CONST_ID_CACHE((ID), (str))) : \
                       ^~~~~~~~~~~~~~~~~~~~~~~~~~~~~~~~
/Users/i.masato/.rbenv/versions/2.4.7/include/ruby-2.4.0/ruby/ruby.h:1738:5: note: expanded from macro 'RUBY_CONST_ID_CACHE'
    {                                                   \
    ^
database.c:429:39: warning: '}' and ')' tokens terminating statement expression appear in different macro expansion contexts [-Wcompound-token-split-by-macro]
  VALUE result = rb_funcall(callable, rb_intern("finalize"), 0);
                                      ^~~~~~~~~~~~~~~~~~~~~
/Users/i.masato/.rbenv/versions/2.4.7/include/ruby-2.4.0/ruby/ruby.h:1753:24: note: expanded from macro 'rb_intern'
        __extension__ (RUBY_CONST_ID_CACHE((ID), (str))) : \
                       ^~~~~~~~~~~~~~~~~~~~~~~~~~~~~~~~
/Users/i.masato/.rbenv/versions/2.4.7/include/ruby-2.4.0/ruby/ruby.h:1743:5: note: expanded from macro 'RUBY_CONST_ID_CACHE'
    }
    ^
database.c:429:39: note: ')' token is here
  VALUE result = rb_funcall(callable, rb_intern("finalize"), 0);
                                      ^~~~~~~~~~~~~~~~~~~~~
/Users/i.masato/.rbenv/versions/2.4.7/include/ruby-2.4.0/ruby/ruby.h:1753:56: note: expanded from macro 'rb_intern'
        __extension__ (RUBY_CONST_ID_CACHE((ID), (str))) : \
                                                       ^
database.c:448:48: warning: '(' and '{' tokens introducing statement expression appear in different macro expansion contexts [-Wcompound-token-split-by-macro]
  arity = sqlite3_obj_method_arity(aggregator, rb_intern("step"));
                                               ^~~~~~~~~~~~~~~~~
/Users/i.masato/.rbenv/versions/2.4.7/include/ruby-2.4.0/ruby/ruby.h:1753:23: note: expanded from macro 'rb_intern'
        __extension__ (RUBY_CONST_ID_CACHE((ID), (str))) : \
                      ^
database.c:448:48: note: '{' token is here
  arity = sqlite3_obj_method_arity(aggregator, rb_intern("step"));
                                               ^~~~~~~~~~~~~~~~~
/Users/i.masato/.rbenv/versions/2.4.7/include/ruby-2.4.0/ruby/ruby.h:1753:24: note: expanded from macro 'rb_intern'
        __extension__ (RUBY_CONST_ID_CACHE((ID), (str))) : \
                       ^~~~~~~~~~~~~~~~~~~~~~~~~~~~~~~~
/Users/i.masato/.rbenv/versions/2.4.7/include/ruby-2.4.0/ruby/ruby.h:1738:5: note: expanded from macro 'RUBY_CONST_ID_CACHE'
    {                                                   \
    ^
database.c:448:48: warning: '}' and ')' tokens terminating statement expression appear in different macro expansion contexts [-Wcompound-token-split-by-macro]
  arity = sqlite3_obj_method_arity(aggregator, rb_intern("step"));
                                               ^~~~~~~~~~~~~~~~~
/Users/i.masato/.rbenv/versions/2.4.7/include/ruby-2.4.0/ruby/ruby.h:1753:24: note: expanded from macro 'rb_intern'
        __extension__ (RUBY_CONST_ID_CACHE((ID), (str))) : \
                       ^~~~~~~~~~~~~~~~~~~~~~~~~~~~~~~~
/Users/i.masato/.rbenv/versions/2.4.7/include/ruby-2.4.0/ruby/ruby.h:1743:5: note: expanded from macro 'RUBY_CONST_ID_CACHE'
    }
    ^
database.c:448:48: note: ')' token is here
  arity = sqlite3_obj_method_arity(aggregator, rb_intern("step"));
                                               ^~~~~~~~~~~~~~~~~
/Users/i.masato/.rbenv/versions/2.4.7/include/ruby-2.4.0/ruby/ruby.h:1753:56: note: expanded from macro 'rb_intern'
        __extension__ (RUBY_CONST_ID_CACHE((ID), (str))) : \
                                                       ^
database.c:554:39: warning: '(' and '{' tokens introducing statement expression appear in different macro expansion contexts [-Wcompound-token-split-by-macro]
  VALUE result = rb_funcall(callback, rb_intern("call"), 5, action, a, b, c, d);
                                      ^~~~~~~~~~~~~~~~~
/Users/i.masato/.rbenv/versions/2.4.7/include/ruby-2.4.0/ruby/ruby.h:1753:23: note: expanded from macro 'rb_intern'
        __extension__ (RUBY_CONST_ID_CACHE((ID), (str))) : \
                      ^
database.c:554:39: note: '{' token is here
  VALUE result = rb_funcall(callback, rb_intern("call"), 5, action, a, b, c, d);
                                      ^~~~~~~~~~~~~~~~~
/Users/i.masato/.rbenv/versions/2.4.7/include/ruby-2.4.0/ruby/ruby.h:1753:24: note: expanded from macro 'rb_intern'
        __extension__ (RUBY_CONST_ID_CACHE((ID), (str))) : \
                       ^~~~~~~~~~~~~~~~~~~~~~~~~~~~~~~~
/Users/i.masato/.rbenv/versions/2.4.7/include/ruby-2.4.0/ruby/ruby.h:1738:5: note: expanded from macro 'RUBY_CONST_ID_CACHE'
    {                                                   \
    ^
database.c:554:39: warning: '}' and ')' tokens terminating statement expression appear in different macro expansion contexts [-Wcompound-token-split-by-macro]
  VALUE result = rb_funcall(callback, rb_intern("call"), 5, action, a, b, c, d);
                                      ^~~~~~~~~~~~~~~~~
/Users/i.masato/.rbenv/versions/2.4.7/include/ruby-2.4.0/ruby/ruby.h:1753:24: note: expanded from macro 'rb_intern'
        __extension__ (RUBY_CONST_ID_CACHE((ID), (str))) : \
                       ^~~~~~~~~~~~~~~~~~~~~~~~~~~~~~~~
/Users/i.masato/.rbenv/versions/2.4.7/include/ruby-2.4.0/ruby/ruby.h:1743:5: note: expanded from macro 'RUBY_CONST_ID_CACHE'
    }
    ^
database.c:554:39: note: ')' token is here
  VALUE result = rb_funcall(callback, rb_intern("call"), 5, action, a, b, c, d);
                                      ^~~~~~~~~~~~~~~~~
/Users/i.masato/.rbenv/versions/2.4.7/include/ruby-2.4.0/ruby/ruby.h:1753:56: note: expanded from macro 'rb_intern'
        __extension__ (RUBY_CONST_ID_CACHE((ID), (str))) : \
                                                       ^
database.c:639:39: warning: '(' and '{' tokens introducing statement expression appear in different macro expansion contexts [-Wcompound-token-split-by-macro]
  comparison = rb_funcall(comparator, rb_intern("compare"), 2, a_str, b_str);
                                      ^~~~~~~~~~~~~~~~~~~~
/Users/i.masato/.rbenv/versions/2.4.7/include/ruby-2.4.0/ruby/ruby.h:1753:23: note: expanded from macro 'rb_intern'
        __extension__ (RUBY_CONST_ID_CACHE((ID), (str))) : \
                      ^
database.c:639:39: note: '{' token is here
  comparison = rb_funcall(comparator, rb_intern("compare"), 2, a_str, b_str);
                                      ^~~~~~~~~~~~~~~~~~~~
/Users/i.masato/.rbenv/versions/2.4.7/include/ruby-2.4.0/ruby/ruby.h:1753:24: note: expanded from macro 'rb_intern'
        __extension__ (RUBY_CONST_ID_CACHE((ID), (str))) : \
                       ^~~~~~~~~~~~~~~~~~~~~~~~~~~~~~~~
/Users/i.masato/.rbenv/versions/2.4.7/include/ruby-2.4.0/ruby/ruby.h:1738:5: note: expanded from macro 'RUBY_CONST_ID_CACHE'
    {                                                   \
    ^
database.c:639:39: warning: '}' and ')' tokens terminating statement expression appear in different macro expansion contexts [-Wcompound-token-split-by-macro]
  comparison = rb_funcall(comparator, rb_intern("compare"), 2, a_str, b_str);
                                      ^~~~~~~~~~~~~~~~~~~~
/Users/i.masato/.rbenv/versions/2.4.7/include/ruby-2.4.0/ruby/ruby.h:1753:24: note: expanded from macro 'rb_intern'
        __extension__ (RUBY_CONST_ID_CACHE((ID), (str))) : \
                       ^~~~~~~~~~~~~~~~~~~~~~~~~~~~~~~~
/Users/i.masato/.rbenv/versions/2.4.7/include/ruby-2.4.0/ruby/ruby.h:1743:5: note: expanded from macro 'RUBY_CONST_ID_CACHE'
    }
    ^
database.c:639:39: note: ')' token is here
  comparison = rb_funcall(comparator, rb_intern("compare"), 2, a_str, b_str);
                                      ^~~~~~~~~~~~~~~~~~~~
/Users/i.masato/.rbenv/versions/2.4.7/include/ruby-2.4.0/ruby/ruby.h:1753:56: note: expanded from macro 'rb_intern'
        __extension__ (RUBY_CONST_ID_CACHE((ID), (str))) : \
                                                       ^
database.c:819:14: warning: '(' and '{' tokens introducing statement expression appear in different macro expansion contexts [-Wcompound-token-split-by-macro]
  id_utf16 = rb_intern("utf16");
             ^~~~~~~~~~~~~~~~~~
/Users/i.masato/.rbenv/versions/2.4.7/include/ruby-2.4.0/ruby/ruby.h:1753:23: note: expanded from macro 'rb_intern'
        __extension__ (RUBY_CONST_ID_CACHE((ID), (str))) : \
                      ^
database.c:819:14: note: '{' token is here
  id_utf16 = rb_intern("utf16");
             ^~~~~~~~~~~~~~~~~~
/Users/i.masato/.rbenv/versions/2.4.7/include/ruby-2.4.0/ruby/ruby.h:1753:24: note: expanded from macro 'rb_intern'
        __extension__ (RUBY_CONST_ID_CACHE((ID), (str))) : \
                       ^~~~~~~~~~~~~~~~~~~~~~~~~~~~~~~~
/Users/i.masato/.rbenv/versions/2.4.7/include/ruby-2.4.0/ruby/ruby.h:1738:5: note: expanded from macro 'RUBY_CONST_ID_CACHE'
    {                                                   \
    ^
database.c:819:14: warning: '}' and ')' tokens terminating statement expression appear in different macro expansion contexts [-Wcompound-token-split-by-macro]
  id_utf16 = rb_intern("utf16");
             ^~~~~~~~~~~~~~~~~~
/Users/i.masato/.rbenv/versions/2.4.7/include/ruby-2.4.0/ruby/ruby.h:1753:24: note: expanded from macro 'rb_intern'
        __extension__ (RUBY_CONST_ID_CACHE((ID), (str))) : \
                       ^~~~~~~~~~~~~~~~~~~~~~~~~~~~~~~~
/Users/i.masato/.rbenv/versions/2.4.7/include/ruby-2.4.0/ruby/ruby.h:1743:5: note: expanded from macro 'RUBY_CONST_ID_CACHE'
    }
    ^
database.c:819:14: note: ')' token is here
  id_utf16 = rb_intern("utf16");
             ^~~~~~~~~~~~~~~~~~
/Users/i.masato/.rbenv/versions/2.4.7/include/ruby-2.4.0/ruby/ruby.h:1753:56: note: expanded from macro 'rb_intern'
        __extension__ (RUBY_CONST_ID_CACHE((ID), (str))) : \
                                                       ^
database.c:821:24: warning: '(' and '{' tokens introducing statement expression appear in different macro expansion contexts [-Wcompound-token-split-by-macro]
  id_results_as_hash = rb_intern("results_as_hash");
                       ^~~~~~~~~~~~~~~~~~~~~~~~~~~~
/Users/i.masato/.rbenv/versions/2.4.7/include/ruby-2.4.0/ruby/ruby.h:1753:23: note: expanded from macro 'rb_intern'
        __extension__ (RUBY_CONST_ID_CACHE((ID), (str))) : \
                      ^
database.c:821:24: note: '{' token is here
  id_results_as_hash = rb_intern("results_as_hash");
                       ^~~~~~~~~~~~~~~~~~~~~~~~~~~~
/Users/i.masato/.rbenv/versions/2.4.7/include/ruby-2.4.0/ruby/ruby.h:1753:24: note: expanded from macro 'rb_intern'
        __extension__ (RUBY_CONST_ID_CACHE((ID), (str))) : \
                       ^~~~~~~~~~~~~~~~~~~~~~~~~~~~~~~~
/Users/i.masato/.rbenv/versions/2.4.7/include/ruby-2.4.0/ruby/ruby.h:1738:5: note: expanded from macro 'RUBY_CONST_ID_CACHE'
    {                                                   \
    ^
database.c:821:24: warning: '}' and ')' tokens terminating statement expression appear in different macro expansion contexts [-Wcompound-token-split-by-macro]
  id_results_as_hash = rb_intern("results_as_hash");
                       ^~~~~~~~~~~~~~~~~~~~~~~~~~~~
/Users/i.masato/.rbenv/versions/2.4.7/include/ruby-2.4.0/ruby/ruby.h:1753:24: note: expanded from macro 'rb_intern'
        __extension__ (RUBY_CONST_ID_CACHE((ID), (str))) : \
                       ^~~~~~~~~~~~~~~~~~~~~~~~~~~~~~~~
/Users/i.masato/.rbenv/versions/2.4.7/include/ruby-2.4.0/ruby/ruby.h:1743:5: note: expanded from macro 'RUBY_CONST_ID_CACHE'
    }
    ^
database.c:821:24: note: ')' token is here
  id_results_as_hash = rb_intern("results_as_hash");
                       ^~~~~~~~~~~~~~~~~~~~~~~~~~~~
/Users/i.masato/.rbenv/versions/2.4.7/include/ruby-2.4.0/ruby/ruby.h:1753:56: note: expanded from macro 'rb_intern'
        __extension__ (RUBY_CONST_ID_CACHE((ID), (str))) : \
                                                       ^
database.c:823:25: warning: '(' and '{' tokens introducing statement expression appear in different macro expansion contexts [-Wcompound-token-split-by-macro]
  id_type_translation = rb_intern("type_translation");
                        ^~~~~~~~~~~~~~~~~~~~~~~~~~~~~
/Users/i.masato/.rbenv/versions/2.4.7/include/ruby-2.4.0/ruby/ruby.h:1753:23: note: expanded from macro 'rb_intern'
        __extension__ (RUBY_CONST_ID_CACHE((ID), (str))) : \
                      ^
database.c:823:25: note: '{' token is here
  id_type_translation = rb_intern("type_translation");
                        ^~~~~~~~~~~~~~~~~~~~~~~~~~~~~
/Users/i.masato/.rbenv/versions/2.4.7/include/ruby-2.4.0/ruby/ruby.h:1753:24: note: expanded from macro 'rb_intern'
        __extension__ (RUBY_CONST_ID_CACHE((ID), (str))) : \
                       ^~~~~~~~~~~~~~~~~~~~~~~~~~~~~~~~
/Users/i.masato/.rbenv/versions/2.4.7/include/ruby-2.4.0/ruby/ruby.h:1738:5: note: expanded from macro 'RUBY_CONST_ID_CACHE'
    {                                                   \
    ^
database.c:823:25: warning: '}' and ')' tokens terminating statement expression appear in different macro expansion contexts [-Wcompound-token-split-by-macro]
  id_type_translation = rb_intern("type_translation");
                        ^~~~~~~~~~~~~~~~~~~~~~~~~~~~~
/Users/i.masato/.rbenv/versions/2.4.7/include/ruby-2.4.0/ruby/ruby.h:1753:24: note: expanded from macro 'rb_intern'
        __extension__ (RUBY_CONST_ID_CACHE((ID), (str))) : \
                       ^~~~~~~~~~~~~~~~~~~~~~~~~~~~~~~~
/Users/i.masato/.rbenv/versions/2.4.7/include/ruby-2.4.0/ruby/ruby.h:1743:5: note: expanded from macro 'RUBY_CONST_ID_CACHE'
    }
    ^
database.c:823:25: note: ')' token is here
  id_type_translation = rb_intern("type_translation");
                        ^~~~~~~~~~~~~~~~~~~~~~~~~~~~~
/Users/i.masato/.rbenv/versions/2.4.7/include/ruby-2.4.0/ruby/ruby.h:1753:56: note: expanded from macro 'rb_intern'
        __extension__ (RUBY_CONST_ID_CACHE((ID), (str))) : \
                                                       ^
31 warnings generated.
compiling exception.c
compiling sqlite3.c
compiling statement.c
statement.c:126:22: warning: '(' and '{' tokens introducing statement expression appear in different macro expansion contexts [-Wcompound-token-split-by-macro]
      rb_funcall(db, rb_intern("encoding"), 0);
                     ^~~~~~~~~~~~~~~~~~~~~
/Users/i.masato/.rbenv/versions/2.4.7/include/ruby-2.4.0/ruby/ruby.h:1753:23: note: expanded from macro 'rb_intern'
        __extension__ (RUBY_CONST_ID_CACHE((ID), (str))) : \
                      ^
statement.c:126:22: note: '{' token is here
      rb_funcall(db, rb_intern("encoding"), 0);
                     ^~~~~~~~~~~~~~~~~~~~~
/Users/i.masato/.rbenv/versions/2.4.7/include/ruby-2.4.0/ruby/ruby.h:1753:24: note: expanded from macro 'rb_intern'
        __extension__ (RUBY_CONST_ID_CACHE((ID), (str))) : \
                       ^~~~~~~~~~~~~~~~~~~~~~~~~~~~~~~~
/Users/i.masato/.rbenv/versions/2.4.7/include/ruby-2.4.0/ruby/ruby.h:1738:5: note: expanded from macro 'RUBY_CONST_ID_CACHE'
    {                                                   \
    ^
statement.c:126:22: warning: '}' and ')' tokens terminating statement expression appear in different macro expansion contexts [-Wcompound-token-split-by-macro]
      rb_funcall(db, rb_intern("encoding"), 0);
                     ^~~~~~~~~~~~~~~~~~~~~
/Users/i.masato/.rbenv/versions/2.4.7/include/ruby-2.4.0/ruby/ruby.h:1753:24: note: expanded from macro 'rb_intern'
        __extension__ (RUBY_CONST_ID_CACHE((ID), (str))) : \
                       ^~~~~~~~~~~~~~~~~~~~~~~~~~~~~~~~
/Users/i.masato/.rbenv/versions/2.4.7/include/ruby-2.4.0/ruby/ruby.h:1743:5: note: expanded from macro 'RUBY_CONST_ID_CACHE'
    }
    ^
statement.c:126:22: note: ')' token is here
      rb_funcall(db, rb_intern("encoding"), 0);
                     ^~~~~~~~~~~~~~~~~~~~~
/Users/i.masato/.rbenv/versions/2.4.7/include/ruby-2.4.0/ruby/ruby.h:1753:56: note: expanded from macro 'rb_intern'
        __extension__ (RUBY_CONST_ID_CACHE((ID), (str))) : \
                                                       ^
statement.c:213:29: warning: '(' and '{' tokens introducing statement expression appear in different macro expansion contexts [-Wcompound-token-split-by-macro]
      key = rb_funcall(key, rb_intern("to_s"), 0);
                            ^~~~~~~~~~~~~~~~~
/Users/i.masato/.rbenv/versions/2.4.7/include/ruby-2.4.0/ruby/ruby.h:1753:23: note: expanded from macro 'rb_intern'
        __extension__ (RUBY_CONST_ID_CACHE((ID), (str))) : \
                      ^
statement.c:213:29: note: '{' token is here
      key = rb_funcall(key, rb_intern("to_s"), 0);
                            ^~~~~~~~~~~~~~~~~
/Users/i.masato/.rbenv/versions/2.4.7/include/ruby-2.4.0/ruby/ruby.h:1753:24: note: expanded from macro 'rb_intern'
        __extension__ (RUBY_CONST_ID_CACHE((ID), (str))) : \
                       ^~~~~~~~~~~~~~~~~~~~~~~~~~~~~~~~
/Users/i.masato/.rbenv/versions/2.4.7/include/ruby-2.4.0/ruby/ruby.h:1738:5: note: expanded from macro 'RUBY_CONST_ID_CACHE'
    {                                                   \
    ^
statement.c:213:29: warning: '}' and ')' tokens terminating statement expression appear in different macro expansion contexts [-Wcompound-token-split-by-macro]
      key = rb_funcall(key, rb_intern("to_s"), 0);
                            ^~~~~~~~~~~~~~~~~
/Users/i.masato/.rbenv/versions/2.4.7/include/ruby-2.4.0/ruby/ruby.h:1753:24: note: expanded from macro 'rb_intern'
        __extension__ (RUBY_CONST_ID_CACHE((ID), (str))) : \
                       ^~~~~~~~~~~~~~~~~~~~~~~~~~~~~~~~
/Users/i.masato/.rbenv/versions/2.4.7/include/ruby-2.4.0/ruby/ruby.h:1743:5: note: expanded from macro 'RUBY_CONST_ID_CACHE'
    }
    ^
statement.c:213:29: note: ')' token is here
      key = rb_funcall(key, rb_intern("to_s"), 0);
                            ^~~~~~~~~~~~~~~~~
/Users/i.masato/.rbenv/versions/2.4.7/include/ruby-2.4.0/ruby/ruby.h:1753:56: note: expanded from macro 'rb_intern'
        __extension__ (RUBY_CONST_ID_CACHE((ID), (str))) : \
                                                       ^
4 warnings generated.
linking shared-object sqlite3/sqlite3_native.bundle
ld: warning: -undefined dynamic_lookup may not work with chained fixups

current directory: /Users/i.masato/rails-tutorial/workspace/hello_app/ruby/2.4.0/gems/sqlite3-1.3.9/ext/sqlite3
make DESTDIR\= sitearchdir\=./.gem.20231117-41028-s4qwbb sitelibdir\=./.gem.20231117-41028-s4qwbb install
/usr/bin/install -c -m 0755 sqlite3_native.bundle ./.gem.20231117-41028-s4qwbb/sqlite3
